
[08-Mar-2025 19:32:10 Europe/Berlin] Hashed password from DB: $2y$10$aykDDxjYSCC7mvOIReDKEevMcEbdi3TnknjFNSw2NB2TSgCwQj49a
[08-Mar-2025 19:32:10 Europe/Berlin] Plain text password entered: 123456
[08-Mar-2025 19:32:10 Europe/Berlin] Login successful for user: admin2
[08-Mar-2025 19:32:20 Europe/Berlin] Hashed password from DB: $2y$10$aykDDxjYSCC7mvOIReDKEevMcEbdi3TnknjFNSw2NB2TSgCwQj49a
[08-Mar-2025 19:32:20 Europe/Berlin] Plain text password entered: 123456
[08-Mar-2025 19:32:20 Europe/Berlin] Login successful for user: admin2
[08-Mar-2025 19:36:24 Europe/Berlin] Hashed password from DB: $2y$10$aykDDxjYSCC7mvOIReDKEevMcEbdi3TnknjFNSw2NB2TSgCwQj49a
[08-Mar-2025 19:36:24 Europe/Berlin] Plain text password entered: 123456
[08-Mar-2025 19:36:24 Europe/Berlin] Login successful for user: admin2
[08-Mar-2025 19:36:29 Europe/Berlin] Hashed password from DB: $2y$10$aykDDxjYSCC7mvOIReDKEevMcEbdi3TnknjFNSw2NB2TSgCwQj49a
[08-Mar-2025 19:36:29 Europe/Berlin] Plain text password entered: 123456
[08-Mar-2025 19:36:29 Europe/Berlin] Login successful for user: admin2
[08-Mar-2025 19:36:34 Europe/Berlin] Hashed password from DB: $2y$10$aykDDxjYSCC7mvOIReDKEevMcEbdi3TnknjFNSw2NB2TSgCwQj49a
[08-Mar-2025 19:36:34 Europe/Berlin] Plain text password entered: 123456
[08-Mar-2025 19:36:34 Europe/Berlin] Login successful for user: admin2
[08-Mar-2025 19:37:09 Europe/Berlin] Hashed password from DB: $2y$10$IxXl0hS1FqK4i2d/4v/6H..gGDSrGXHxQy9iDAW0evy39XB260cYe
[08-Mar-2025 19:37:09 Europe/Berlin] Plain text password entered: 123456
[08-Mar-2025 19:37:09 Europe/Berlin] Login successful for user: admin3
[08-Mar-2025 19:40:18 Europe/Berlin] Hashed password from DB: $2y$10$IxXl0hS1FqK4i2d/4v/6H..gGDSrGXHxQy9iDAW0evy39XB260cYe
[08-Mar-2025 19:40:18 Europe/Berlin] Plain text password entered: 123456
[08-Mar-2025 19:40:18 Europe/Berlin] Login successful for user: admin3
[08-Mar-2025 19:41:47 Europe/Berlin] Hashed password from DB: $2y$10$IxXl0hS1FqK4i2d/4v/6H..gGDSrGXHxQy9iDAW0evy39XB260cYe
[08-Mar-2025 19:41:47 Europe/Berlin] Plain text password entered: 123456
[08-Mar-2025 19:41:48 Europe/Berlin] Login successful for user: admin3
[08-Mar-2025 19:42:50 Europe/Berlin] Hashed password from DB: $2y$10$IxXl0hS1FqK4i2d/4v/6H..gGDSrGXHxQy9iDAW0evy39XB260cYe
[08-Mar-2025 19:42:50 Europe/Berlin] Plain text password entered: 123456
[08-Mar-2025 19:42:50 Europe/Berlin] Login successful for user: admin3
[09-Mar-2025 01:35:12 Europe/Berlin] Hashed password from DB: $2y$10$vTbg.2sbvGqs/V4xkpJe8uSlRl0uHmGMIKNr2nkW.X5EjCmKyTq6.
[09-Mar-2025 01:35:12 Europe/Berlin] Plain text password entered: 123456
[09-Mar-2025 01:35:12 Europe/Berlin] Login successful for user: admin7
[09-Mar-2025 01:37:15 Europe/Berlin] Hashed password from DB: $2y$10$vTbg.2sbvGqs/V4xkpJe8uSlRl0uHmGMIKNr2nkW.X5EjCmKyTq6.
[09-Mar-2025 01:37:15 Europe/Berlin] Plain text password entered: 123456
[09-Mar-2025 01:37:15 Europe/Berlin] Login successful for user: admin7
[09-Mar-2025 01:40:07 Europe/Berlin] Hashed password from DB: $2y$10$vTbg.2sbvGqs/V4xkpJe8uSlRl0uHmGMIKNr2nkW.X5EjCmKyTq6.
[09-Mar-2025 01:40:07 Europe/Berlin] Plain text password entered: 123456
[09-Mar-2025 01:40:07 Europe/Berlin] Login successful for user: admin7
[09-Mar-2025 01:40:44 Europe/Berlin] Hashed password from DB: $2y$10$vTbg.2sbvGqs/V4xkpJe8uSlRl0uHmGMIKNr2nkW.X5EjCmKyTq6.
[09-Mar-2025 01:40:44 Europe/Berlin] Plain text password entered: 123456
[09-Mar-2025 01:40:44 Europe/Berlin] Login successful for user: admin7
[09-Mar-2025 01:41:20 Europe/Berlin] Hashed password from DB: $2y$10$vTbg.2sbvGqs/V4xkpJe8uSlRl0uHmGMIKNr2nkW.X5EjCmKyTq6.
[09-Mar-2025 01:41:20 Europe/Berlin] Plain text password entered: 123456
[09-Mar-2025 01:41:20 Europe/Berlin] Login successful for user: admin7
[09-Mar-2025 01:41:29 Europe/Berlin] Hashed password from DB: $2y$10$vTbg.2sbvGqs/V4xkpJe8uSlRl0uHmGMIKNr2nkW.X5EjCmKyTq6.
[09-Mar-2025 01:41:29 Europe/Berlin] Plain text password entered: 123456
[09-Mar-2025 01:41:29 Europe/Berlin] Login successful for user: admin7
[09-Mar-2025 01:41:37 Europe/Berlin] Hashed password from DB: $2y$10$vTbg.2sbvGqs/V4xkpJe8uSlRl0uHmGMIKNr2nkW.X5EjCmKyTq6.
[09-Mar-2025 01:41:37 Europe/Berlin] Plain text password entered: 123456
[09-Mar-2025 01:41:37 Europe/Berlin] Login successful for user: admin7
[09-Mar-2025 01:41:43 Europe/Berlin] Hashed password from DB: $2y$10$vTbg.2sbvGqs/V4xkpJe8uSlRl0uHmGMIKNr2nkW.X5EjCmKyTq6.
[09-Mar-2025 01:41:43 Europe/Berlin] Plain text password entered: 123456
[09-Mar-2025 01:41:43 Europe/Berlin] Login successful for user: admin7
[09-Mar-2025 01:41:49 Europe/Berlin] Hashed password from DB: $2y$10$vTbg.2sbvGqs/V4xkpJe8uSlRl0uHmGMIKNr2nkW.X5EjCmKyTq6.
[09-Mar-2025 01:41:49 Europe/Berlin] Plain text password entered: 123456
[09-Mar-2025 01:41:49 Europe/Berlin] Login successful for user: admin7
[09-Mar-2025 04:25:21 Europe/Berlin] Hashed password from DB: $2y$10$vTbg.2sbvGqs/V4xkpJe8uSlRl0uHmGMIKNr2nkW.X5EjCmKyTq6.
[09-Mar-2025 04:25:21 Europe/Berlin] Plain text password entered: 123456
[09-Mar-2025 04:25:21 Europe/Berlin] Login successful for user: admin7
